2021-09-25 at 19:58:18 | INFO | Логгер запущен!
2021-09-25 at 19:58:18 | INFO | Запускаю longpoll...
2021-09-25 at 20:12:18 | INFO | Логгер запущен!
2021-09-25 at 20:12:18 | INFO | Запускаю longpoll...
2021-09-25 at 20:13:17|INFO|Логгер запущен!
2021-09-25 at 20:13:17|INFO|Запускаю longpoll...
2021-09-25 at 20:13:28|INFO|Логгер запущен!
2021-09-25 at 20:13:29|INFO|Запускаю longpoll...
2021-09-25 at 20:14:33|INFO|Логгер запущен!
2021-09-25 at 20:14:33|INFO|Запускаю longpoll...
2021-09-25 at 20:14:39|INFO|id: 167 | from: 215801310 | text: Привет
2021-09-25 at 21:07:37|INFO|Логгер запущен!
2021-09-25 at 21:07:37|INFO|Запускаю longpoll...
2021-09-25 at 21:07:44|INFO|message_id: 168 | from: 215801310 | text: Привет
2021-09-25 at 22:39:42|INFO|Логгер запущен!
2021-09-25 at 22:39:42|INFO|Запускаю longpoll...
2021-09-25 at 22:39:56|INFO|message_id: 169 | from: 215801310 | text: Привет
2021-09-25 at 23:34:58|INFO|Логгер запущен!
2021-09-25 at 23:34:58|INFO|Запускаю longpoll...
2021-09-25 at 23:35:37|INFO|Логгер запущен!
2021-09-25 at 23:35:37|INFO|Запускаю longpoll...
2021-09-25 at 23:35:43|INFO|message_peer: 215801310 | from: 215801310 | text: Привет
2021-09-25 at 23:46:29|INFO|Логгер запущен!
2021-09-25 at 23:46:29|INFO|Запускаю longpoll...
2021-09-25 at 23:48:14|INFO|Логгер запущен!
2021-09-25 at 23:48:14|INFO|Запускаю longpoll...
2021-09-25 at 23:48:20|INFO|message_peer: 215801310 | from: 215801310 | text: Привет
2021-09-25 at 23:53:58|INFO|Логгер запущен!
2021-09-25 at 23:53:58|INFO|Инициализация модулей....
2021-09-25 at 23:53:58|INFO|Инициализация модулей прошла успешно!
2021-09-25 at 23:53:58|INFO|Запускаю longpoll...
2021-09-25 at 23:54:07|INFO|message_peer: 215801310 | from: 215801310 | text: привет
2021-09-25 at 23:54:39|INFO|Логгер запущен!
2021-09-25 at 23:54:39|INFO|Инициализация модулей....
2021-09-25 at 23:54:39|INFO|Инициализация модулей прошла успешно!
2021-09-25 at 23:54:39|INFO|Запускаю longpoll...
2021-09-25 at 23:54:44|INFO|message_peer: 215801310 | from: 215801310 | text: Привет
2021-09-25 at 23:57:10|INFO|Логгер запущен!
2021-09-25 at 23:57:10|INFO|Инициализация модулей....
2021-09-25 at 23:57:10|INFO|Инициализация модулей прошла успешно!
2021-09-25 at 23:57:10|INFO|Запускаю longpoll...
2021-09-25 at 23:57:17|INFO|message_peer: 215801310 | from: 215801310 | text: Привет
2021-09-25 at 23:57:50|INFO|message_peer: 215801310 | from: 215801310 | text: привет
2021-09-25 at 23:58:14|INFO|Логгер запущен!
2021-09-25 at 23:58:14|INFO|Инициализация модулей....
2021-09-25 at 23:58:14|INFO|Инициализация модулей прошла успешно!
2021-09-25 at 23:58:14|INFO|Запускаю longpoll...
2021-09-25 at 23:58:18|INFO|message_peer: 215801310 | from: 215801310 | text: привет
2021-09-25 at 23:59:32|INFO|Логгер запущен!
2021-09-25 at 23:59:32|INFO|Инициализация модулей....
2021-09-25 at 23:59:32|INFO|Инициализация модулей прошла успешно!
2021-09-25 at 23:59:32|INFO|Запускаю longpoll...
2021-09-25 at 23:59:37|INFO|message_peer: 215801310 | from: 215801310 | text: Привет
2021-09-26 at 00:02:31|INFO|Логгер запущен!
2021-09-26 at 00:02:31|INFO|Инициализация модулей....
2021-09-26 at 00:02:31|INFO|Инициализация модулей прошла успешно!
2021-09-26 at 00:02:31|INFO|Запускаю longpoll...
2021-09-26 at 00:02:37|INFO|message_peer: 215801310 | from: 215801310 | text: Привет
2021-09-26 at 00:03:38|INFO|Логгер запущен!
2021-09-26 at 00:03:38|INFO|Инициализация модулей....
2021-09-26 at 00:03:38|INFO|Инициализация модулей прошла успешно!
2021-09-26 at 00:03:38|INFO|Запускаю longpoll...
2021-09-26 at 00:03:44|INFO|message_peer: 215801310 | from: 215801310 | text: Привет
2021-09-26 at 00:03:59|INFO|Логгер запущен!
2021-09-26 at 00:03:59|INFO|Инициализация модулей....
2021-09-26 at 00:03:59|INFO|Инициализация модулей прошла успешно!
2021-09-26 at 00:03:59|INFO|Запускаю longpoll...
2021-09-26 at 00:04:06|INFO|message_peer: 215801310 | from: 215801310 | text: Привет
2021-09-26 at 00:04:32|INFO|Логгер запущен!
2021-09-26 at 00:04:32|INFO|Инициализация модулей....
2021-09-26 at 00:04:32|INFO|Инициализация модулей прошла успешно!
2021-09-26 at 00:04:32|INFO|Запускаю longpoll...
2021-09-26 at 00:04:36|INFO|message_peer: 215801310 | from: 215801310 | text: Привет
2021-09-26 at 00:04:57|INFO|Логгер запущен!
2021-09-26 at 00:04:57|INFO|Инициализация модулей....
2021-09-26 at 00:04:57|INFO|Инициализация модулей прошла успешно!
2021-09-26 at 00:04:57|INFO|Запускаю longpoll...
2021-09-26 at 00:05:00|INFO|message_peer: 215801310 | from: 215801310 | text: Привет
2021-09-26 at 00:05:26|INFO|Логгер запущен!
2021-09-26 at 00:05:26|INFO|Инициализация модулей....
2021-09-26 at 00:05:26|INFO|Инициализация модулей прошла успешно!
2021-09-26 at 00:05:26|INFO|Запускаю longpoll...
2021-09-26 at 00:05:31|INFO|message_peer: 215801310 | from: 215801310 | text: Привет
2021-09-26 at 00:05:58|INFO|Логгер запущен!
2021-09-26 at 00:05:58|INFO|Инициализация модулей....
2021-09-26 at 00:05:58|INFO|Инициализация модулей прошла успешно!
2021-09-26 at 00:05:58|INFO|Запускаю longpoll...
2021-09-26 at 00:06:02|INFO|message_peer: 215801310 | from: 215801310 | text: Привет
2021-09-26 at 00:06:39|INFO|Логгер запущен!
2021-09-26 at 00:06:39|INFO|Инициализация модулей....
2021-09-26 at 00:06:39|INFO|Инициализация модулей прошла успешно!
2021-09-26 at 00:06:40|INFO|Запускаю longpoll...
2021-09-26 at 00:06:52|INFO|message_peer: 215801310 | from: 215801310 | text: Привет
2021-09-26 at 00:07:36|INFO|Логгер запущен!
2021-09-26 at 00:07:36|INFO|Инициализация модулей....
2021-09-26 at 00:07:36|INFO|Инициализация модулей прошла успешно!
2021-09-26 at 00:07:36|INFO|Запускаю longpoll...
2021-09-26 at 00:07:40|INFO|message_peer: 215801310 | from: 215801310 | text: Привет
2021-09-26 at 00:07:40|INFO|Send Result: 188
2021-09-26 at 00:07:59|INFO|message_peer: 215801310 | from: 215801310 | text: Привет
2021-09-26 at 00:07:59|INFO|Send Result: 190
2021-09-26 at 10:14:48|INFO|Логгер запущен!
2021-09-26 at 10:15:45|INFO|Логгер запущен!
2021-09-26 at 10:15:45|INFO|Инициализация модулей....
2021-09-26 at 10:16:03|INFO|Логгер запущен!
2021-09-26 at 10:16:03|INFO|Запускаю longpoll...
2021-09-26 at 10:16:43|INFO|Логгер запущен!
2021-09-26 at 10:16:43|INFO|Запускаю longpoll...
2021-09-26 at 10:16:49|INFO|message_peer: 215801310 | from: Привет | text: 215801310
2021-09-26 at 10:23:17|INFO|Логгер запущен!
2021-09-26 at 10:23:17|INFO|Запускаю longpoll...
2021-09-26 at 10:23:22|INFO|message_id: 193 | peer_id: 215801310 | text: Привет
2021-09-26 at 10:39:58|INFO|Логгер запущен!
2021-09-26 at 10:39:58|INFO|Запускаю longpoll...
2021-09-26 at 10:40:02|INFO|message_id: 194 | peer_id: 215801310 | text: Привет
2021-09-26 at 10:40:20|INFO|Логгер запущен!
2021-09-26 at 10:40:20|INFO|Запускаю longpoll...
2021-09-26 at 10:40:23|INFO|message_id: 195 | peer_id: 215801310 | text: Привет
2021-09-26 at 10:40:58|INFO|Логгер запущен!
2021-09-26 at 10:40:58|INFO|Запускаю longpoll...
2021-09-26 at 10:41:00|INFO|message_id: 196 | peer_id: 215801310 | text: Привет
2021-09-26 at 10:41:27|INFO|Логгер запущен!
2021-09-26 at 10:41:27|INFO|Запускаю longpoll...
2021-09-26 at 10:41:31|INFO|message_id: 197 | peer_id: 215801310 | text: Привет
2021-09-26 at 10:41:50|INFO|Логгер запущен!
2021-09-26 at 10:41:50|INFO|Запускаю longpoll...
2021-09-26 at 10:41:54|INFO|message_id: 198 | peer_id: 215801310 | text: Привет
2021-09-26 at 14:12:45|INFO|Логгер запущен!
2021-09-26 at 14:12:45|INFO|Запускаю longpoll...
2021-09-26 at 14:12:55|INFO|message_id: 199 | peer_id: 215801310 | text: Привет
2021-09-26 at 14:13:32|INFO|Логгер запущен!
2021-09-26 at 14:13:32|INFO|Запускаю longpoll...
2021-09-26 at 14:13:36|INFO|message_id: 200 | peer_id: 215801310 | text: Привет
2021-09-26 at 14:14:04|INFO|Логгер запущен!
2021-09-26 at 14:14:04|INFO|Запускаю longpoll...
2021-09-26 at 14:14:08|INFO|message_id: 201 | peer_id: 215801310 | text: Привет
2021-09-26 at 14:14:27|INFO|Логгер запущен!
2021-09-26 at 14:14:27|INFO|Запускаю longpoll...
2021-09-26 at 14:14:30|INFO|message_id: 202 | peer_id: 215801310 | text: Привет
2021-09-26 at 14:14:31|INFO|Результат отправки: NoneТекст сообщения: Привет, Иван!
